<?xml version="1.0" encoding="UTF-8" ?>
<testsuite errors="0" failures="1" hostname="dtp4138" name="model.MensTest" tests="4" time="0.516" timestamp="2011-01-13T11:12:10">
  <properties>
    <property name="netbeans.autoupdate.country" value="NL" />
    <property name="javac.test.classpath" value=":build/classes:V:\NETBEANS.002\Program Files\NetBeans 6.8\NetBeans 6.8\platform11\modules\ext\junit-4.5.jar" />
    <property name="libs.jsf20.maven-pom" value="" />
    <property name="libs.DataBindingME.src" value="" />
    <property name="libs.j2me_ant_ext.javadoc" value="" />
    <property name="org.openide.TopManager.GUI" value="true" />
    <property name="libs.proguard.javadoc" value="" />
    <property name="libs.junit.javadoc" value="V:\NETBEANS.002\Program Files\NetBeans 6.8\NetBeans 6.8\java3\docs\junit-3.8.2-api.zip" />
    <property name="libs.nsicom-ant-utils.src" value="" />
    <property name="libs.nokiaS80-ant-utils.javadoc" value="" />
    <property name="ant.core.lib" value="V:\NETBEANS.002\Program Files\NetBeans 6.8\NetBeans 6.8\java3\ant\lib\ant.jar" />
    <property name="libs.jakarta_slide_ant_webdav.javadoc" value="" />
    <property name="javadoc.windowtitle" value="" />
    <property name="user.dir" value="H:\Profile\desktop\Happer\Happer2.2\Happer" />
    <property name="libs.hibernate-persistence.javadoc" value="" />
    <property name="libs.JMUnit4CLDC10.javadoc" value="V:\NETBEANS.002\Program Files\NetBeans 6.8\NetBeans 6.8\mobility8\modules\docs\jmunit-1.2.1-api.zip" />
    <property name="java.vm.version" value="16.0-b13" />
    <property name="libs.DataBindingME.classpath" value="V:\NETBEANS.002\Program Files\NetBeans 6.8\NetBeans 6.8\mobility8\modules\ext\netbeans_databindingme.jar" />
    <property name="libs.jstl11.maven-pom" value="" />
    <property name="libs.nsicom-ant-utils.classpath" value="V:\NETBEANS.002\Program Files\NetBeans 6.8\NetBeans 6.8\mobility8\ant\nblib\org-netbeans-modules-j2me-cdc-project-nsicom.jar" />
    <property name="libs.MySQLDriver.classpath" value="V:\NETBEANS.002\Program Files\NetBeans 6.8\NetBeans 6.8\ide12\modules\ext\mysql-connector-java-5.1.6-bin.jar" />
    <property name="libs.jstl11.src" value="" />
    <property name="javadoc.notree" value="false" />
    <property name="netbeans.autoupdate.version" value="1.23" />
    <property name="libs.javaee-web-api-6.0.classpath" value="V:\NETBEANS.002\Program Files\NetBeans 6.8\NetBeans 6.8\enterprise6\modules\ext\javaee-web-api-6.0.jar" />
    <property name="libs.DataBindingME-PIM.maven-pom" value="" />
    <property name="libs.hibernate-support.maven-pom" value="" />
    <property name="libs.hibernate-support.javadoc" value="" />
    <property name="libs.NetBeans MIDP Components.maven-pom" value="" />
    <property name="jdk.home" value="V:\NETBEANS.002\Program Files\Java\jdk1.6.0_18" />
    <property name="libs.javac-api.src" value="" />
    <property name="javadoc.noindex" value="false" />
    <property name="sun.os.patch.level" value="Service Pack 3" />
    <property name="do.archive+manifest.available" value="true" />
    <property name="java.vm.specification.name" value="Java Virtual Machine Specification" />
    <property name="libs.semc-ant-utils.classpath" value="V:\NETBEANS.002\Program Files\NetBeans 6.8\NetBeans 6.8\mobility8\modules\ext\org-netbeans-modules-j2me-cdc-project-semc.jar" />
    <property name="nb.show.statistics.ui" value="usageStatisticsEnabled" />
    <property name="libs.nokiadeployment.classpath" value="V:\NETBEANS.002\Program Files\NetBeans 6.8\NetBeans 6.8\mobility8\modules\org-netbeans-modules-mobility-deployment-nokia.jar" />
    <property name="netbeans.autoupdate.variant" value="" />
    <property name="have.tests" value="true" />
    <property name="libs.nokiaS80-ant-utils.maven-pom" value="" />
    <property name="org.xml.sax.driver" value="com.sun.org.apache.xerces.internal.jaxp.SAXParserImpl$JAXPSAXParser" />
    <property name="libs.nb_svg_midp_components.src" value="V:\NETBEANS.002\Program Files\NetBeans 6.8\NetBeans 6.8\mobility8\sources\nb_svg_midp_components-src.zip" />
    <property name="libs.NetBeans MIDP Components WMA.src" value="V:\NETBEANS.002\Program Files\NetBeans 6.8\NetBeans 6.8\mobility8\sources\netbeans_midp_components_wma-src.zip" />
    <property name="libs.javac-api.javadoc" value="" />
    <property name="os.name" value="Windows XP" />
    <property name="libs.beans-binding.classpath" value="V:\NETBEANS.002\Program Files\NetBeans 6.8\NetBeans 6.8\java3\modules\ext\beansbinding-1.2.1.jar" />
    <property name="libs.DataBindingME-SVG.javadoc" value="V:\NETBEANS.002\Program Files\NetBeans 6.8\NetBeans 6.8\mobility8\modules\docs\netbeans_databindingme_svg-api.zip" />
    <property name="libs.restapi.javadoc" value="V:\NETBEANS.002\Program Files\NetBeans 6.8\NetBeans 6.8\enterprise6\docs\jsr311-api-1.1.1-javadoc.zip" />
    <property name="libs.JWSAntTasks.maven-pom" value="" />
    <property name="libs.restapi.classpath" value="V:\NETBEANS.002\Program Files\NetBeans 6.8\NetBeans 6.8\enterprise6\modules\ext\rest\jsr311-api-1.1.1.jar" />
    <property name="java.vendor.url.bug" value="http://java.sun.com/cgi-bin/bugreport.cgi" />
    <property name="libs.nsicom-ant-utils.javadoc" value="" />
    <property name="libs.jaxb.maven-pom" value="" />
    <property name="os.arch" value="x86" />
    <property name="libs.eclipselink.src" value="" />
    <property name="user.name" value="09068007" />
    <property name="libs.jsf12.javadoc" value="V:\NETBEANS.002\Program Files\NetBeans 6.8\NetBeans 6.8\enterprise6\docs\javaee6-doc-api.zip" />
    <property name="manifest.available+main.class" value="true" />
    <property name="build.classes.dir" value="build/classes" />
    <property name="netbeans.accept_license_class" value="org.netbeans.license.AcceptLicense" />
    <property name="jnlp.descriptor" value="application" />
    <property name="build.sysclasspath" value="ignore" />
    <property name="libs.jaxws21.javadoc" value="V:\NETBEANS.002\Program Files\NetBeans 6.8\NetBeans 6.8\java3\docs\jaxws-api-doc.zip" />
    <property name="includes" value="**" />
    <property name="user.country" value="NL" />
    <property name="manifest.file" value="manifest.mf" />
    <property name="libs.jstl11.javadoc" value="V:\NETBEANS.002\Program Files\NetBeans 6.8\NetBeans 6.8\enterprise6\docs\javaee6-doc-api.zip" />
    <property name="libs.JMUnit4CLDC11.src" value="" />
    <property name="javadoc.encoding" value="UTF-8" />
    <property name="javac.classpath" value="" />
    <property name="debug-transport" value="dt_shmem" />
    <property name="netbeans.home" value="V:\NETBEANS.002\Program Files\NetBeans 6.8\NetBeans 6.8\platform11" />
    <property name="build.compiler.emacs" value="true" />
    <property name="libs.javaee-web-api-6.0.src" value="" />
    <property name="libs.ejb3-persistence.src" value="" />
    <property name="libs.nokiaS80-ant-utils.src" value="" />
    <property name="libs.cdc-pp-awt-layout.javadoc" value="" />
    <property name="libs.j2me_ant_ext.classpath" value="V:\NETBEANS.002\Program Files\NetBeans 6.8\NetBeans 6.8\mobility8\modules\org-netbeans-modules-mobility-antext.jar;V:\NETBEANS.002\Program Files\NetBeans 6.8\NetBeans 6.8\java3\modules\org-netbeans-modules-classfile.jar" />
    <property name="java.endorsed.dirs" value="V:\NETBEANS.002\Program Files\Java\jdk1.6.0_18\jre\lib\endorsed" />
    <property name="netbeans.dynamic.classpath" value="V:\NETBEANS.002\Program Files\NetBeans 6.8\NetBeans 6.8\platform11\core\core.jar;V:\NETBEANS.002\Program Files\NetBeans 6.8\NetBeans 6.8\platform11\core\org-openide-filesystems.jar;V:\NETBEANS.002\Program Files\NetBeans 6.8\NetBeans 6.8\platform11\core\locale\core_ja.jar;V:\NETBEANS.002\Program Files\NetBeans 6.8\NetBeans 6.8\platform11\core\locale\core_zh_CN.jar;V:\NETBEANS.002\Program Files\NetBeans 6.8\NetBeans 6.8\platform11\core\locale\core_pt_BR.jar;V:\NETBEANS.002\Program Files\NetBeans 6.8\NetBeans 6.8\platform11\core\locale\org-openide-filesystems_ja.jar;V:\NETBEANS.002\Program Files\NetBeans 6.8\NetBeans 6.8\platform11\core\locale\org-openide-filesystems_zh_CN.jar;V:\NETBEANS.002\Program Files\NetBeans 6.8\NetBeans 6.8\platform11\core\locale\org-openide-filesystems_pt_BR.jar;V:\NETBEANS.002\Program Files\NetBeans 6.8\NetBeans 6.8\nb6.8\core\org-netbeans-upgrader.jar;V:\NETBEANS.002\Program Files\NetBeans 6.8\NetBeans 6.8\nb6.8\core\locale\core_nb.jar;V:\NETBEANS.002\Program Files\NetBeans 6.8\NetBeans 6.8\nb6.8\core\locale\core_nb_ja.jar;V:\NETBEANS.002\Program Files\NetBeans 6.8\NetBeans 6.8\nb6.8\core\locale\core_nb_zh_CN.jar;V:\NETBEANS.002\Program Files\NetBeans 6.8\NetBeans 6.8\nb6.8\core\locale\core_nb_pt_BR.jar;V:\NETBEANS.002\Program Files\NetBeans 6.8\NetBeans 6.8\nb6.8\core\locale\org-netbeans-upgrader_ja.jar;V:\NETBEANS.002\Program Files\NetBeans 6.8\NetBeans 6.8\nb6.8\core\locale\org-netbeans-upgrader_pt_BR.jar;V:\NETBEANS.002\Program Files\NetBeans 6.8\NetBeans 6.8\nb6.8\core\locale\org-netbeans-upgrader_zh_CN.jar" />
    <property name="libs.cdc-agui-swing-layout.maven-pom" value="" />
    <property name="jnlp.enabled" value="false" />
    <property name="libs.cdc-pp-awt-layout.src" value="V:\NETBEANS.002\Program Files\NetBeans 6.8\NetBeans 6.8\mobility8\sources\cdc-pp-awt-layout-src.zip" />
    <property name="java.vm.specification.version" value="1.0" />
    <property name="libs.jakarta_slide_ant_webdav.src" value="" />
    <property name="libs.javaee-api-6.0.classpath" value="V:\NETBEANS.002\Program Files\NetBeans 6.8\NetBeans 6.8\enterprise6\modules\ext\javaee-api-6.0.jar" />
    <property name="libs.sjmc-ant-utils.maven-pom" value="" />
    <property name="libs.JMUnit4CLDC10.maven-pom" value="" />
    <property name="libs.hibernate-persistence.classpath" value="V:\NETBEANS.002\Program Files\NetBeans 6.8\NetBeans 6.8\java3\modules\ext\hibernate\antlr-2.7.6.jar;V:\NETBEANS.002\Program Files\NetBeans 6.8\NetBeans 6.8\java3\modules\ext\hibernate\asm.jar;V:\NETBEANS.002\Program Files\NetBeans 6.8\NetBeans 6.8\java3\modules\ext\hibernate\asm-attrs.jar;V:\NETBEANS.002\Program Files\NetBeans 6.8\NetBeans 6.8\java3\modules\ext\hibernate\cglib-2.1.3.jar;V:\NETBEANS.002\Program Files\NetBeans 6.8\NetBeans 6.8\java3\modules\ext\hibernate\commons-collections-2.1.1.jar;V:\NETBEANS.002\Program Files\NetBeans 6.8\NetBeans 6.8\ide12\modules\ext\commons-logging-1.1.jar;V:\NETBEANS.002\Program Files\NetBeans 6.8\NetBeans 6.8\java3\modules\ext\hibernate\dom4j-1.6.1.jar;V:\NETBEANS.002\Program Files\NetBeans 6.8\NetBeans 6.8\java3\modules\ext\hibernate\ehcache-1.2.3.jar;V:\NETBEANS.002\Program Files\NetBeans 6.8\NetBeans 6.8\java3\modules\ext\hibernate\jdbc2_0-stdext.jar;V:\NETBEANS.002\Program Files\NetBeans 6.8\NetBeans 6.8\java3\modules\ext\hibernate\jta.jar;V:\NETBEANS.002\Program Files\NetBeans 6.8\NetBeans 6.8\java3\modules\ext\hibernate\hibernate3.jar;V:\NETBEANS.002\Program Files\NetBeans 6.8\NetBeans 6.8\java3\modules\ext\hibernate\hibernate-tools.jar;V:\NETBEANS.002\Program Files\NetBeans 6.8\NetBeans 6.8\java3\modules\ext\hibernate\hibernate-annotations.jar;V:\NETBEANS.002\Program Files\NetBeans 6.8\NetBeans 6.8\java3\modules\ext\hibernate\hibernate-commons-annotations.jar;V:\NETBEANS.002\Program Files\NetBeans 6.8\NetBeans 6.8\java3\modules\ext\hibernate\hibernate-entitymanager.jar;V:\NETBEANS.002\Program Files\NetBeans 6.8\NetBeans 6.8\java3\modules\ext\hibernate\javassist.jar;V:\NETBEANS.002\Program Files\NetBeans 6.8\NetBeans 6.8\java3\modules\ext\hibernate\ejb3-persistence.jar" />
    <property name="libs.jaxws21.src" value="" />
    <property name="application.title" value="Happer" />
    <property name="do.archive" value="true" />
    <property name="libs.swing-app-framework.classpath" value="V:\NETBEANS.002\Program Files\NetBeans 6.8\NetBeans 6.8\java3\modules\ext\appframework-1.0.3.jar;V:\NETBEANS.002\Program Files\NetBeans 6.8\NetBeans 6.8\java3\modules\ext\swing-worker-1.1.jar" />
    <property name="netbeans.autoupdate.language" value="nl" />
    <property name="libs.jakarta_slide_ant_webdav.classpath" value="V:\NETBEANS.002\Program Files\NetBeans 6.8\NetBeans 6.8\mobility8\modules\ext\commons-httpclient-3.0.1.jar;V:\NETBEANS.002\Program Files\NetBeans 6.8\NetBeans 6.8\ide12\modules\ext\commons-logging-1.1.jar;V:\NETBEANS.002\Program Files\NetBeans 6.8\NetBeans 6.8\java3\modules\ext\jdom-1.0.jar;V:\NETBEANS.002\Program Files\NetBeans 6.8\NetBeans 6.8\mobility8\modules\ext\jakarta-slide-webdavlib-2.1.jar;V:\NETBEANS.002\Program Files\NetBeans 6.8\NetBeans 6.8\mobility8\modules\ext\jakarta-slide-ant-webdav-2.1.jar" />
    <property name="java.vendor" value="Sun Microsystems Inc." />
    <property name="libs.JMUnit4CLDC10.src" value="" />
    <property name="libs.javaee-api-6.0.javadoc" value="V:\NETBEANS.002\Program Files\NetBeans 6.8\NetBeans 6.8\enterprise6\docs\javaee6-doc-api.zip" />
    <property name="javac.debug" value="true" />
    <property name="javadoc.splitindex" value="true" />
    <property name="file.separator" value="\" />
    <property name="libs.IdentityAntTasks.src" value="" />
    <property name="libs.ActiveSync.classpath" value="V:\NETBEANS.002\Program Files\NetBeans 6.8\NetBeans 6.8\mobility8\modules\ext\nbactivesync-5.0.jar" />
    <property name="libs.junit_4.maven-pom" value="" />
    <property name="javac.test.processorpath" value=":build/classes:V:\NETBEANS.002\Program Files\NetBeans 6.8\NetBeans 6.8\platform11\modules\ext\junit-4.5.jar" />
    <property name="netbeans.buildnumber" value="200912041610" />
    <property name="libs.JWSAntTasks.javadoc" value="" />
    <property name="build.generated.sources.dir" value="build/generated-sources" />
    <property name="user.variant" value="" />
    <property name="sun.java.launcher" value="SUN_STANDARD" />
    <property name="libs.junit.classpath" value="V:\NETBEANS.002\Program Files\NetBeans 6.8\NetBeans 6.8\java3\modules\ext\junit-3.8.2.jar" />
    <property name="libs.jaxb.javadoc" value="V:\NETBEANS.002\Program Files\NetBeans 6.8\NetBeans 6.8\ide12\docs\jaxb-api-doc.zip" />
    <property name="libs.struts.classpath" value="V:\NETBEANS.002\Program Files\NetBeans 6.8\NetBeans 6.8\enterprise6\modules\ext\struts\antlr-2.7.2.jar;V:\NETBEANS.002\Program Files\NetBeans 6.8\NetBeans 6.8\enterprise6\modules\ext\struts\bsf-2.3.0.jar;V:\NETBEANS.002\Program Files\NetBeans 6.8\NetBeans 6.8\enterprise6\modules\ext\struts\commons-beanutils-1.7.0.jar;V:\NETBEANS.002\Program Files\NetBeans 6.8\NetBeans 6.8\enterprise6\modules\ext\struts\commons-chain-1.1.jar;V:\NETBEANS.002\Program Files\NetBeans 6.8\NetBeans 6.8\enterprise6\modules\ext\struts\commons-digester-1.8.jar;V:\NETBEANS.002\Program Files\NetBeans 6.8\NetBeans 6.8\enterprise6\modules\ext\struts\commons-fileupload-1.1.1.jar;V:\NETBEANS.002\Program Files\NetBeans 6.8\NetBeans 6.8\enterprise6\modules\ext\struts\commons-io-1.1.jar;V:\NETBEANS.002\Program Files\NetBeans 6.8\NetBeans 6.8\enterprise6\modules\ext\struts\commons-logging-1.0.4.jar;V:\NETBEANS.002\Program Files\NetBeans 6.8\NetBeans 6.8\enterprise6\modules\ext\struts\commons-validator-1.3.1.jar;V:\NETBEANS.002\Program Files\NetBeans 6.8\NetBeans 6.8\enterprise6\modules\ext\struts\jstl-1.0.2.jar;V:\NETBEANS.002\Program Files\NetBeans 6.8\NetBeans 6.8\enterprise6\modules\ext\struts\oro-2.0.8.jar;V:\NETBEANS.002\Program Files\NetBeans 6.8\NetBeans 6.8\enterprise6\modules\ext\struts\standard-1.0.2.jar;V:\NETBEANS.002\Program Files\NetBeans 6.8\NetBeans 6.8\enterprise6\modules\ext\struts\struts-core-1.3.8.jar;V:\NETBEANS.002\Program Files\NetBeans 6.8\NetBeans 6.8\enterprise6\modules\ext\struts\struts-el-1.3.8.jar;V:\NETBEANS.002\Program Files\NetBeans 6.8\NetBeans 6.8\enterprise6\modules\ext\struts\struts-extras-1.3.8.jar;V:\NETBEANS.002\Program Files\NetBeans 6.8\NetBeans 6.8\enterprise6\modules\ext\struts\struts-faces-1.3.8.jar;V:\NETBEANS.002\Program Files\NetBeans 6.8\NetBeans 6.8\enterprise6\modules\ext\struts\struts-mailreader-dao-1.3.8.jar;V:\NETBEANS.002\Program Files\NetBeans 6.8\NetBeans 6.8\enterprise6\modules\ext\struts\struts-scripting-1.3.8.jar;V:\NETBEANS.002\Program Files\NetBeans 6.8\NetBeans 6.8\enterprise6\modules\ext\struts\struts-taglib-1.3.8.jar;V:\NETBEANS.002\Program Files\NetBeans 6.8\NetBeans 6.8\enterprise6\modules\ext\struts\struts-tiles-1.3.8.jar" />
    <property name="ant.home" value="V:\NETBEANS.002\Program Files\NetBeans 6.8\NetBeans 6.8\java3\ant" />
    <property name="libs.junit_4.src" value="V:\NETBEANS.002\Program Files\NetBeans 6.8\NetBeans 6.8\java3\docs\junit-4.5-src.jar" />
    <property name="libs.ricoh-ant-utils.maven-pom" value="" />
    <property name="do.archive+manifest.available+main.class+mkdist.available" value="true" />
    <property name="libs.absolutelayout.maven-pom" value="" />
    <property name="ant.java.version" value="1.6" />
    <property name="java.library.path" value="V:\NETBEANS.002\Program Files\Java\jdk1.6.0_18\jre\bin;.;C:\WINDOWS\Sun\Java\bin;C:\WINDOWS\system32;C:\WINDOWS;V:\NETBEANS.002\VFS\CSIDL_SYSTEM\;V:\NETBEANS.002\VFS\CSIDL_WINDOWS\;V:\NETBEANS.002\VFS\CSIDL_SYSTEM\wbem\;C:\Program Files\Microsoft Application Virtualization Client\;C:\Program Files\SPSSInc\Clementine12.0\bin\;C:\WINDOWS\system32;C:\WINDOWS;C:\WINDOWS\System32\Wbem;C:\Program Files\Intel\DMIX;C:\Program Files\Microsoft Application Virtualization Client;C:\Program Files\QuickTime\QTSystem\" />
    <property name="javadoc.author" value="false" />
    <property name="libs.metro.maven-pom" value="" />
    <property name="libs.IdentityAntTasks.classpath" value="V:\NETBEANS.002\Program Files\NetBeans 6.8\NetBeans 6.8\identity2\ant\nblib\org-netbeans-modules-identity-ant.jar;V:\NETBEANS.002\Program Files\NetBeans 6.8\NetBeans 6.8\identity2\modules\org-netbeans-modules-identity-profile-api.jar" />
    <property name="java.util.logging.config.class" value="org.netbeans.core.startup.TopLogging" />
    <property name="libs.PostgreSQLDriver.src" value="" />
    <property name="sun.arch.data.model" value="32" />
    <property name="basedir" value="H:\Profile\desktop\Happer\Happer2.2\Happer" />
    <property name="libs.ActiveSync.src" value="" />
    <property name="jar.compress" value="false" />
    <property name="libs.NetBeans MIDP Components PDA.src" value="V:\NETBEANS.002\Program Files\NetBeans 6.8\NetBeans 6.8\mobility8\sources\netbeans_midp_components_pda-src.zip" />
    <property name="libs.jstl11.classpath" value="V:\NETBEANS.002\Program Files\NetBeans 6.8\NetBeans 6.8\enterprise6\modules\ext\standard.jar;V:\NETBEANS.002\Program Files\NetBeans 6.8\NetBeans 6.8\enterprise6\modules\ext\jstl.jar" />
    <property name="path.separator" value=";" />
    <property name="libs.javaee-web-api-6.0.javadoc" value="V:\NETBEANS.002\Program Files\NetBeans 6.8\NetBeans 6.8\enterprise6\docs\javaee6-doc-api.zip" />
    <property name="sun.io.unicode.encoding" value="UnicodeLittle" />
    <property name="libs.semc-ant-utils.javadoc" value="" />
    <property name="libs.jaxws21.classpath" value="V:\NETBEANS.002\Program Files\NetBeans 6.8\NetBeans 6.8\ide12\modules\ext\jaxb\activation.jar;V:\NETBEANS.002\Program Files\NetBeans 6.8\NetBeans 6.8\ide12\modules\ext\jaxb\api\jaxb-api.jar;V:\NETBEANS.002\Program Files\NetBeans 6.8\NetBeans 6.8\ide12\modules\ext\jaxb\jaxb-impl.jar;V:\NETBEANS.002\Program Files\NetBeans 6.8\NetBeans 6.8\ide12\modules\ext\jaxb\jaxb-xjc.jar;V:\NETBEANS.002\Program Files\NetBeans 6.8\NetBeans 6.8\ide12\modules\ext\jaxb\api\jsr173_api.jar;V:\NETBEANS.002\Program Files\NetBeans 6.8\NetBeans 6.8\java3\modules\ext\jaxws22\FastInfoset.jar;V:\NETBEANS.002\Program Files\NetBeans 6.8\NetBeans 6.8\java3\modules\ext\jaxws22\gmbal-api-only.jar;V:\NETBEANS.002\Program Files\NetBeans 6.8\NetBeans 6.8\java3\modules\ext\jaxws22\http.jar;V:\NETBEANS.002\Program Files\NetBeans 6.8\NetBeans 6.8\java3\modules\ext\jaxws22\api\jaxws-api.jar;V:\NETBEANS.002\Program Files\NetBeans 6.8\NetBeans 6.8\java3\modules\ext\jaxws22\jaxws-rt.jar;V:\NETBEANS.002\Program Files\NetBeans 6.8\NetBeans 6.8\java3\modules\ext\jaxws22\jaxws-tools.jar;V:\NETBEANS.002\Program Files\NetBeans 6.8\NetBeans 6.8\java3\modules\ext\jaxws22\api\jsr181-api.jar;V:\NETBEANS.002\Program Files\NetBeans 6.8\NetBeans 6.8\java3\modules\ext\jaxws22\api\jsr250-api.jar;V:\NETBEANS.002\Program Files\NetBeans 6.8\NetBeans 6.8\java3\modules\ext\jaxws22\management-api.jar;V:\NETBEANS.002\Program Files\NetBeans 6.8\NetBeans 6.8\java3\modules\ext\jaxws22\mimepull.jar;V:\NETBEANS.002\Program Files\NetBeans 6.8\NetBeans 6.8\java3\modules\ext\jaxws22\policy.jar;V:\NETBEANS.002\Program Files\NetBeans 6.8\NetBeans 6.8\java3\modules\ext\jaxws22\api\saaj-api.jar;V:\NETBEANS.002\Program Files\NetBeans 6.8\NetBeans 6.8\java3\modules\ext\jaxws22\saaj-impl.jar;V:\NETBEANS.002\Program Files\NetBeans 6.8\NetBeans 6.8\java3\modules\ext\jaxws22\stax-ex.jar;V:\NETBEANS.002\Program Files\NetBeans 6.8\NetBeans 6.8\java3\modules\ext\jaxws22\streambuffer.jar;V:\NETBEANS.002\Program Files\NetBeans 6.8\NetBeans 6.8\java3\modules\ext\jaxws22\woodstox.jar" />
    <property name="libs.struts.src" value="" />
    <property name="compile.on.save" value="true" />
    <property name="user.language" value="nl" />
    <property name="libs.spring-framework.classpath" value="V:\NETBEANS.002\Program Files\NetBeans 6.8\NetBeans 6.8\ide12\modules\ext\commons-logging-1.1.jar;V:\NETBEANS.002\Program Files\NetBeans 6.8\NetBeans 6.8\java3\modules\ext\cglib-2.2.jar;V:\NETBEANS.002\Program Files\NetBeans 6.8\NetBeans 6.8\java3\modules\ext\spring\spring-2.5.jar" />
    <property name="libs.eclipselink.maven-pom" value="" />
    <property name="application.vendor" value="Owner" />
    <property name="manifest.available" value="true" />
    <property name="run.test.classpath" value=":build/classes:V:\NETBEANS.002\Program Files\NetBeans 6.8\NetBeans 6.8\platform11\modules\ext\junit-4.5.jar:build/test/classes" />
    <property name="useJavaUtilZip" value="true" />
    <property name="libs.swing-app-framework.javadoc" value="V:\NETBEANS.002\Program Files\NetBeans 6.8\NetBeans 6.8\java3\docs\appfralibs.absolutelayout.classpath=V:\NETBEANS.002\Program Files\NetBeans 6.8\NetBeans 6.8\java3\modules\ext\AbsoluteLayout.jar" />
    <property name="libs.ejb3-persistence.maven-pom" value="" />
    <property name="libs.proguard.classpath" value="V:\NETBEANS.002\Program Files\NetBeans 6.8\NetBeans 6.8\mobility8\external\proguard\proguard4.4.jar" />
    <property name="libs.DataBindingME-SVG.classpath" value="V:\NETBEANS.002\Program Files\NetBeans 6.8\NetBeans 6.8\mobility8\modules\ext\netbeans_databindingme_svg.jar" />
    <property name="https.nonProxyHosts" value="localhost|127.0.0.1|dtp4138" />
    <property name="libs.PostgreSQLDriver.maven-pom" value="" />
    <property name="java.class.version" value="50.0" />
    <property name="libs.javaee-endorsed-api-6.0.src" value="" />
    <property name="libs.cdc-ant-utils.classpath" value="V:\NETBEANS.002\Program Files\NetBeans 6.8\NetBeans 6.8\mobility8\modules\ext\org-netbeans-modules-j2me-cdc-project.jar" />
    <property name="netbeans.system_http_proxy" value="DIRECT" />
    <property name="libs.eclipselink.javadoc" value="V:\NETBEANS.002\Program Files\NetBeans 6.8\NetBeans 6.8\enterprise6\docs\javaee6-doc-api.zip" />
    <property name="libs.NetBeans MIDP Components WMA.maven-pom" value="" />
    <property name="user.properties.file" value="C:\Temp\.netbeans\6.8\build.properties" />
    <property name="runtime.encoding" value="UTF-8" />
    <property name="libs.spring-framework.src" value="" />
    <property name="libs.javac-api.maven-pom" value="" />
    <property name="file.encoding.pkg" value="sun.io" />
    <property name="sun.cpu.endian" value="little" />
    <property name="libs.JWSAntTasks.classpath" value="V:\NETBEANS.002\Program Files\NetBeans 6.8\NetBeans 6.8\java3\ant\extra\org-netbeans-modules-javawebstart-anttasks.jar" />
    <property name="libs.ant-contrib.classpath" value="V:\NETBEANS.002\Program Files\NetBeans 6.8\NetBeans 6.8\mobility8\modules\ext\ant-contrib-1.0b3.jar" />
    <property name="empty.dir" value="H:\Profile\desktop\Happer\Happer2.2\Happer\build\empty" />
    <property name="version-output" value="java version &quot;1.6" />
    <property name="javadoc.preview" value="true" />
    <property name="nbplatform.default.harness.dir" value="V:\NETBEANS.002\Program Files\NetBeans 6.8\NetBeans 6.8/harness" />
    <property name="java.home" value="V:\NETBEANS.002\Program Files\Java\jdk1.6.0_18\jre" />
    <property name="libs.ricoh-ant-utils.src" value="" />
    <property name="libs.spring-webmvc.src" value="" />
    <property name="libs.ant-contrib.javadoc" value="" />
    <property name="debug.test.classpath" value=":build/classes:V:\NETBEANS.002\Program Files\NetBeans 6.8\NetBeans 6.8\platform11\modules\ext\junit-4.5.jar:build/test/classes" />
    <property name="libs.javaee-endorsed-api-6.0.classpath" value="V:\NETBEANS.002\Program Files\NetBeans 6.8\NetBeans 6.8\enterprise6\modules\ext\javaee6-endorsed\javax.annotation.jar;V:\NETBEANS.002\Program Files\NetBeans 6.8\NetBeans 6.8\enterprise6\modules\ext\javaee6-endorsed\jaxb-api-osgi.jar;V:\NETBEANS.002\Program Files\NetBeans 6.8\NetBeans 6.8\enterprise6\modules\ext\javaee6-endorsed\webservices-api-osgi.jar" />
    <property name="libs.javaee-api-6.0.src" value="" />
    <property name="netbeans.importclass" value="org.netbeans.upgrade.AutoUpgrade" />
    <property name="annotation.processing.run.all.processors" value="true" />
    <property name="org.openide.TopManager" value="org.netbeans.core.NonGui" />
    <property name="libs.savaje-ant-utils.classpath" value="V:\NETBEANS.002\Program Files\NetBeans 6.8\NetBeans 6.8\mobility8\modules\ext\org-netbeans-modules-j2me-cdc-project-savaje.jar" />
    <property name="libs.DataBindingME.maven-pom" value="" />
    <property name="libs.PostgreSQLDriver.javadoc" value="" />
    <property name="libs.restlib.classpath" value="V:\NETBEANS.002\Program Files\NetBeans 6.8\NetBeans 6.8\enterprise6\modules\ext\rest\asm-3.1.jar;V:\NETBEANS.002\Program Files\NetBeans 6.8\NetBeans 6.8\enterprise6\modules\ext\rest\jackson-core-asl-1.1.1.jar;V:\NETBEANS.002\Program Files\NetBeans 6.8\NetBeans 6.8\enterprise6\modules\ext\rest\jersey-client-1.1.4.jar;V:\NETBEANS.002\Program Files\NetBeans 6.8\NetBeans 6.8\enterprise6\modules\ext\rest\jersey-core-1.1.4.jar;V:\NETBEANS.002\Program Files\NetBeans 6.8\NetBeans 6.8\enterprise6\modules\ext\rest\jersey-json-1.1.4.jar;V:\NETBEANS.002\Program Files\NetBeans 6.8\NetBeans 6.8\enterprise6\modules\ext\rest\jersey-server-1.1.4.jar;V:\NETBEANS.002\Program Files\NetBeans 6.8\NetBeans 6.8\enterprise6\modules\ext\rest\jersey-spring-1.1.4.jar;V:\NETBEANS.002\Program Files\NetBeans 6.8\NetBeans 6.8\enterprise6\modules\ext\rest\jettison-1.1.jar;V:\NETBEANS.002\Program Files\NetBeans 6.8\NetBeans 6.8\ide12\modules\ext\jaxb\activation.jar;V:\NETBEANS.002\Program Files\NetBeans 6.8\NetBeans 6.8\ide12\modules\ext\jaxb\api\jaxb-api.jar;V:\NETBEANS.002\Program Files\NetBeans 6.8\NetBeans 6.8\ide12\modules\ext\jaxb\jaxb-impl.jar;V:\NETBEANS.002\Program Files\NetBeans 6.8\NetBeans 6.8\ide12\modules\ext\jaxb\jaxb-xjc.jar;V:\NETBEANS.002\Program Files\NetBeans 6.8\NetBeans 6.8\ide12\modules\ext\jaxb\api\jsr173_api.jar" />
    <property name="libs.JMUnit4CLDC11.javadoc" value="V:\NETBEANS.002\Program Files\NetBeans 6.8\NetBeans 6.8\mobility8\modules\docs\jmunit-1.2.1-api.zip" />
    <property name="libs.nsicom-ant-utils.maven-pom" value="" />
    <property name="libs.MySQLDriver.maven-pom" value="" />
    <property name="libs.savaje-ant-utils.src" value="" />
    <property name="http.nonProxyHosts" value="localhost|127.0.0.1|dtp4138" />
    <property name="libs.junit_4.javadoc" value="V:\NETBEANS.002\Program Files\NetBeans 6.8\NetBeans 6.8\java3\docs\junit-4.5-api.zip" />
    <property name="libs.spring-webmvc.javadoc" value="" />
    <property name="libs.javaee-web-api-6.0.maven-pom" value="" />
    <property name="libs.cdc-pp-awt-layout.classpath" value="V:\NETBEANS.002\Program Files\NetBeans 6.8\NetBeans 6.8\mobility8\modules\ext\cdc-pp-awt-layout.jar" />
    <property name="libs.cdc-agui-swing-layout.src" value="V:\NETBEANS.002\Program Files\NetBeans 6.8\NetBeans 6.8\mobility8\sources\cdc-agui-swing-layout-src.zip" />
    <property name="run.classpath" value=":build/classes" />
    <property name="libs.hibernate-support.src" value="" />
    <property name="libs.javaee-endorsed-api-6.0.javadoc" value="V:\NETBEANS.002\Program Files\NetBeans 6.8\NetBeans 6.8\enterprise6\docs\javaee6-doc-api.zip" />
    <property name="libs.JMUnit4CLDC11.classpath" value="V:\NETBEANS.002\Program Files\NetBeans 6.8\NetBeans 6.8\mobility8\modules\ext\jmunit4cldc11-1.2.1.jar" />
    <property name="libs.nb_svg_midp_components.classpath" value="V:\NETBEANS.002\Program Files\NetBeans 6.8\NetBeans 6.8\mobility8\modules\ext\nb_svg_midp_components.jar" />
    <property name="libs.NetBeans MIDP Components PDA.classpath" value="V:\NETBEANS.002\Program Files\NetBeans 6.8\NetBeans 6.8\mobility8\modules\ext\netbeans_midp_components_pda.jar" />
    <property name="libs.semc-ant-utils.maven-pom" value="" />
    <property name="libs.nokiadeployment.maven-pom" value="" />
    <property name="libs.restapi.src" value="" />
    <property name="libs.NetBeans MIDP Components.javadoc" value="V:\NETBEANS.002\Program Files\NetBeans 6.8\NetBeans 6.8\mobility8\modules\docs\netbeans_midp_components_basic-api.zip" />
    <property name="sun.management.compiler" value="HotSpot Client Compiler" />
    <property name="javac.deprecation" value="false" />
    <property name="javadoc.use" value="true" />
    <property name="jna.boot.library.path" value="C:\Temp\.netbeans\6.8\var\cache\jna" />
    <property name="sun.java2d.noddraw" value="true" />
    <property name="javac.processorpath" value="" />
    <property name="libs.spring-webmvc.classpath" value="V:\NETBEANS.002\Program Files\NetBeans 6.8\NetBeans 6.8\enterprise6\modules\ext\spring\spring-webmvc-2.5.jar" />
    <property name="javac.compilerargs" value="" />
    <property name="ant.file" value="H:\Profile\desktop\Happer\Happer2.2\Happer\build.xml" />
    <property name="libs.beans-binding.maven-pom" value="" />
    <property name="jnlp.codebase.type" value="local" />
    <property name="libs.jsf12.classpath" value="V:\NETBEANS.002\Program Files\NetBeans 6.8\NetBeans 6.8\enterprise6\modules\ext\jsf-1_2\commons-beanutils.jar;V:\NETBEANS.002\Program Files\NetBeans 6.8\NetBeans 6.8\enterprise6\modules\ext\jsf-1_2\commons-collections.jar;V:\NETBEANS.002\Program Files\NetBeans 6.8\NetBeans 6.8\enterprise6\modules\ext\jsf-1_2\commons-digester.jar;V:\NETBEANS.002\Program Files\NetBeans 6.8\NetBeans 6.8\enterprise6\modules\ext\jsf-1_2\commons-logging.jar;V:\NETBEANS.002\Program Files\NetBeans 6.8\NetBeans 6.8\enterprise6\modules\ext\jsf-1_2\jsf-api.jar;V:\NETBEANS.002\Program Files\NetBeans 6.8\NetBeans 6.8\enterprise6\modules\ext\jsf-1_2\jsf-impl.jar" />
    <property name="sun.awt.exception.handler" value="org.netbeans.core.startup.TopLogging$AWTHandler" />
    <property name="libs.restapi.maven-pom" value="" />
    <property name="libs.beans-binding.src" value="" />
    <property name="libs.NetBeans MIDP Components PDA.javadoc" value="V:\NETBEANS.002\Program Files\NetBeans 6.8\NetBeans 6.8\mobility8\modules\docs\netbeans_midp_components_pda-api.zip" />
    <property name="java.vm.specification.vendor" value="Sun Microsystems Inc." />
    <property name="libs.DataBindingME-PIM.javadoc" value="V:\NETBEANS.002\Program Files\NetBeans 6.8\NetBeans 6.8\mobility8\modules\docs\netbeans_databindingme_pim-api.zip" />
    <property name="libs.j2me_ant_ext.src" value="" />
    <property name="org.openide.major.version" value="IDE/1" />
    <property name="java.vm.name" value="Java HotSpot(TM) Client VM" />
    <property name="netbeans.user" value="C:\Temp\.netbeans\6.8" />
    <property name="tests.failed" value="true" />
    <property name="javadoc.additionalparam" value="" />
    <property name="jnlp.offline-allowed" value="false" />
    <property name="libs.ricoh-ant-utils.classpath" value="V:\NETBEANS.002\Program Files\NetBeans 6.8\NetBeans 6.8\mobility8\modules\ext\org-netbeans-modules-j2me-cdc-project-ricoh.jar;V:\NETBEANS.002\Program Files\NetBeans 6.8\NetBeans 6.8\mobility8\modules\ext\RicohAntTasks-2.0.jar;V:\NETBEANS.002\Program Files\NetBeans 6.8\NetBeans 6.8\mobility8\modules\ext\commons-httpclient-3.0.jar;V:\NETBEANS.002\Program Files\NetBeans 6.8\NetBeans 6.8\ide12\modules\ext\commons-logging-1.1.jar;V:\NETBEANS.002\Program Files\NetBeans 6.8\NetBeans 6.8\mobility8\modules\ext\commons-codec-1.3.jar" />
    <property name="java.io.tmpdir" value="C:\TEMP\09068007\" />
    <property name="java.vendor.url" value="http://java.sun.com/" />
    <property name="endorsed.classpath.cmd.line.arg" value="" />
    <property name="sun.boot.library.path" value="V:\NETBEANS.002\Program Files\Java\jdk1.6.0_18\jre\bin" />
    <property name="have.sources" value="true" />
    <property name="debug.classpath" value=":build/classes" />
    <property name="javadoc.private" value="false" />
    <property name="test.src.dir" value="test" />
    <property name="libs.jsf20.classpath" value="V:\NETBEANS.002\Program Files\NetBeans 6.8\NetBeans 6.8\enterprise6\modules\ext\jsf-2_0\jsf-api.jar;V:\NETBEANS.002\Program Files\NetBeans 6.8\NetBeans 6.8\enterprise6\modules\ext\jsf-2_0\jsf-impl.jar" />
    <property name="meta.inf.dir" value="src/META-INF" />
    <property name="javadoc.encoding.used" value="UTF-8" />
    <property name="libs.DataBindingME-SVG.src" value="" />
    <property name="dist.jar" value="dist/Happer.jar" />
    <property name="netbeans.automatic.build" value="true" />
    <property name="java.runtime.name" value="Java(TM) SE Runtime Environment" />
    <property name="ant.project.name" value="Happer" />
    <property name="netbeans.hash.code" value="unique=NB_JAVA_MOB_TOMCAT_WEBEE04b1c7e70-7724-4d40-986d-07abcf441066_12fb61e1-2118-4824-b230-cb8c19ed3ebc" />
    <property name="libs.j2me_ant_ext.maven-pom" value="" />
    <property name="sun.cpu.isalist" value="" />
    <property name="libs.CopyLibs.javadoc" value="" />
    <property name="libs.ActiveSync.javadoc" value="" />
    <property name="org.openide.specification.version" value="6.2" />
    <property name="libs.DataBindingME-PIM.classpath" value="V:\NETBEANS.002\Program Files\NetBeans 6.8\NetBeans 6.8\mobility8\modules\ext\netbeans_databindingme_pim.jar" />
    <property name="libs.hibernate-support.classpath" value="V:\NETBEANS.002\Program Files\NetBeans 6.8\NetBeans 6.8\java3\modules\ext\hibernate\antlr-2.7.6.jar;V:\NETBEANS.002\Program Files\NetBeans 6.8\NetBeans 6.8\java3\modules\ext\hibernate\asm.jar;V:\NETBEANS.002\Program Files\NetBeans 6.8\NetBeans 6.8\java3\modules\ext\hibernate\asm-attrs.jar;V:\NETBEANS.002\Program Files\NetBeans 6.8\NetBeans 6.8\java3\modules\ext\hibernate\cglib-2.1.3.jar;V:\NETBEANS.002\Program Files\NetBeans 6.8\NetBeans 6.8\java3\modules\ext\hibernate\commons-collections-2.1.1.jar;V:\NETBEANS.002\Program Files\NetBeans 6.8\NetBeans 6.8\ide12\modules\ext\commons-logging-1.1.jar;V:\NETBEANS.002\Program Files\NetBeans 6.8\NetBeans 6.8\java3\modules\ext\hibernate\dom4j-1.6.1.jar;V:\NETBEANS.002\Program Files\NetBeans 6.8\NetBeans 6.8\java3\modules\ext\hibernate\ehcache-1.2.3.jar;V:\NETBEANS.002\Program Files\NetBeans 6.8\NetBeans 6.8\java3\modules\ext\hibernate\jdbc2_0-stdext.jar;V:\NETBEANS.002\Program Files\NetBeans 6.8\NetBeans 6.8\java3\modules\ext\hibernate\jta.jar;V:\NETBEANS.002\Program Files\NetBeans 6.8\NetBeans 6.8\java3\modules\ext\hibernate\hibernate3.jar;V:\NETBEANS.002\Program Files\NetBeans 6.8\NetBeans 6.8\java3\modules\ext\hibernate\hibernate-tools.jar;V:\NETBEANS.002\Program Files\NetBeans 6.8\NetBeans 6.8\java3\modules\ext\hibernate\hibernate-annotations.jar;V:\NETBEANS.002\Program Files\NetBeans 6.8\NetBeans 6.8\java3\modules\ext\hibernate\hibernate-commons-annotations.jar;V:\NETBEANS.002\Program Files\NetBeans 6.8\NetBeans 6.8\java3\modules\ext\hibernate\hibernate-entitymanager.jar;V:\NETBEANS.002\Program Files\NetBeans 6.8\NetBeans 6.8\java3\modules\ext\hibernate\javassist.jar" />
    <property name="user.home" value="H:\Profile" />
    <property name="annotation.processing.processors.list" value="" />
    <property name="debug-args-line" value="-Xdebug" />
    <property name="libs.NetBeans MIDP Components.classpath" value="V:\NETBEANS.002\Program Files\NetBeans 6.8\NetBeans 6.8\mobility8\modules\ext\netbeans_midp_components_basic.jar" />
    <property name="libs.javaee-api-6.0.maven-pom" value="" />
    <property name="libs.JWSAntTasks.src" value="" />
    <property name="jar.index" value="false" />
    <property name="libs.CopyLibs.maven-pom" value="" />
    <property name="libs.hibernate-persistence.maven-pom" value="" />
    <property name="libs.absolutelayout.javadoc" value="" />
    <property name="java.specification.name" value="Java Platform API Specification" />
    <property name="libs.jakarta_slide_ant_webdav.maven-pom" value="" />
    <property name="libs.NetBeans MIDP Components WMA.classpath" value="V:\NETBEANS.002\Program Files\NetBeans 6.8\NetBeans 6.8\mobility8\modules\ext\netbeans_midp_components_wma.jar" />
    <property name="libs.sjmc-ant-utils.src" value="" />
    <property name="ant.file.Happer-impl" value="H:\Profile\desktop\Happer\Happer2.2\Happer\nbproject\build-impl.xml" />
    <property name="libs.cdc-agui-swing-layout.javadoc" value="" />
    <property name="java.specification.vendor" value="Sun Microsystems Inc." />
    <property name="libs.javac-api.classpath" value="V:\NETBEANS.002\Program Files\NetBeans 6.8\NetBeans 6.8\java3\modules\ext\javac-api-nb-7.0-b07.jar" />
    <property name="libs.nokiaS80-ant-utils.classpath" value="V:\NETBEANS.002\Program Files\NetBeans 6.8\NetBeans 6.8\mobility8\modules\ext\org-netbeans-modules-j2me-cdc-project-nokiaS80.jar" />
    <property name="java.version" value="1.6.0_18" />
    <property name="libs.NetBeans MIDP Components WMA.javadoc" value="V:\NETBEANS.002\Program Files\NetBeans 6.8\NetBeans 6.8\mobility8\modules\docs\netbeans_midp_components_wma-api.zip" />
    <property name="javadoc.version" value="false" />
    <property name="libs.MySQLDriver.javadoc" value="" />
    <property name="org.openide.version" value="deprecated" />
    <property name="libs.ActiveSync.maven-pom" value="" />
    <property name="source.encoding" value="UTF-8" />
    <property name="ap.cmd.line.internal" value="" />
    <property name="libs.junit.maven-pom" value="" />
    <property name="libs.metro.javadoc" value="V:\NETBEANS.002\Program Files\NetBeans 6.8\NetBeans 6.8\enterprise6\docs\metro-1.4-doc.zip" />
    <property name="libs.struts.maven-pom" value="" />
    <property name="netbeans.home+have.tests" value="true" />
    <property name="annotation.processing.processor.options" value="" />
    <property name="libs.IdentityAntTasks.maven-pom" value="" />
    <property name="libs.jaxb.src" value="" />
    <property name="libs.cdc-ant-utils.src" value="" />
    <property name="work.dir" value="H:\Profile\desktop\Happer\Happer2.2\Happer" />
    <property name="libs.jaxb.classpath" value="V:\NETBEANS.002\Program Files\NetBeans 6.8\NetBeans 6.8\ide12\modules\ext\jaxb\activation.jar;V:\NETBEANS.002\Program Files\NetBeans 6.8\NetBeans 6.8\ide12\modules\ext\jaxb\api\jaxb-api.jar;V:\NETBEANS.002\Program Files\NetBeans 6.8\NetBeans 6.8\ide12\modules\ext\jaxb\jaxb-impl.jar;V:\NETBEANS.002\Program Files\NetBeans 6.8\NetBeans 6.8\ide12\modules\ext\jaxb\jaxb1-impl.jar;V:\NETBEANS.002\Program Files\NetBeans 6.8\NetBeans 6.8\ide12\modules\ext\jaxb\jaxb-xjc.jar;V:\NETBEANS.002\Program Files\NetBeans 6.8\NetBeans 6.8\ide12\modules\ext\jaxb\api\jsr173_api.jar" />
    <property name="do.depend" value="false" />
    <property name="dist.javadoc.dir" value="dist/javadoc" />
    <property name="libs.restlib.src" value="" />
    <property name="javac.source" value="1.5" />
    <property name="build.generated.dir" value="build/generated" />
    <property name="libs." value="" />
    <property name="libs.hibernate-persistence.src" value="" />
    <property name="line.separator" value="
" />
    <property name="libs.proguard.src" value="" />
    <property name="libs.nb_svg_midp_components.javadoc" value="V:\NETBEANS.002\Program Files\NetBeans 6.8\NetBeans 6.8\mobility8\modules\docs\nb_svg_midp_components-api.zip" />
    <property name="java.specification.version" value="1.6" />
    <property name="java.vm.info" value="mixed mode, sharing" />
    <property name="libs.jaxws21.maven-pom" value="" />
    <property name="libs.cdc-ant-utils.javadoc" value="" />
    <property name="libs.spring-framework.maven-pom" value="" />
    <property name="sun.boot.class.path" value="V:\NETBEANS.002\Program Files\Java\jdk1.6.0_18\jre\lib\resources.jar;V:\NETBEANS.002\Program Files\Java\jdk1.6.0_18\jre\lib\rt.jar;V:\NETBEANS.002\Program Files\Java\jdk1.6.0_18\jre\lib\sunrsasign.jar;V:\NETBEANS.002\Program Files\Java\jdk1.6.0_18\jre\lib\jsse.jar;V:\NETBEANS.002\Program Files\Java\jdk1.6.0_18\jre\lib\jce.jar;V:\NETBEANS.002\Program Files\Java\jdk1.6.0_18\jre\lib\charsets.jar;V:\NETBEANS.002\Program Files\Java\jdk1.6.0_18\jre\classes" />
    <property name="javac.target" value="1.5" />
    <property name="built-jar.properties" value="H:\Profile\desktop\Happer\Happer2.2\Happer\build\built-jar.properties" />
    <property name="build.test.classes.dir" value="build/test/classes" />
    <property name="src.dir" value="src" />
    <property name="libs.IdentityAntTasks.javadoc" value="" />
    <property name="sun.awt.keepWorkingSetOnMinimize" value="true" />
    <property name="annotation.processing.enabled" value="true" />
    <property name="libs.jsf20.src" value="" />
    <property name="libs.proguard.maven-pom" value="" />
    <property name="libs.DataBindingME-SVG.maven-pom" value="" />
    <property name="libs.jsf12.src" value="" />
    <property name="libs.nokiadeployment.src" value="" />
    <property name="libs.savaje-ant-utils.javadoc" value="" />
    <property name="nbplatform.default.netbeans.dest.dir" value="V:\NETBEANS.002\Program Files\NetBeans 6.8\NetBeans 6.8" />
    <property name="libs.struts.javadoc" value="V:\NETBEANS.002\Program Files\NetBeans 6.8\NetBeans 6.8\enterprise6\docs\struts-1.3.8-javadoc.zip" />
    <property name="jaxbwiz.endorsed.dirs" value="C:\Program Files\NetBeans 6.8\ide12\modules\ext\jaxb\api" />
    <property name="libs.cdc-ant-utils.maven-pom" value="" />
    <property name="libs.cdc-agui-swing-layout.classpath" value="V:\NETBEANS.002\Program Files\NetBeans 6.8\NetBeans 6.8\mobility8\modules\ext\cdc-agui-swing-layout.jar" />
    <property name="dist.dir" value="dist" />
    <property name="do.archive+manifest.available+main.class" value="true" />
    <property name="libs.sjmc-ant-utils.classpath" value="V:\NETBEANS.002\Program Files\NetBeans 6.8\NetBeans 6.8\mobility8\modules\ext\org-netbeans-modules-j2me-cdc-project-sjmc.jar" />
    <property name="javac.fork" value="false" />
    <property name="libs.JMUnit4CLDC10.classpath" value="V:\NETBEANS.002\Program Files\NetBeans 6.8\NetBeans 6.8\mobility8\modules\ext\jmunit4cldc10-1.2.1.jar" />
    <property name="java.awt.printerjob" value="sun.awt.windows.WPrinterJob" />
    <property name="default.javac.source" value="1.6" />
    <property name="debug-transport-by-os" value="dt_shmem" />
    <property name="sun.jnu.encoding" value="Cp1252" />
    <property name="libs.MySQLDriver.src" value="" />
    <property name="libs.ant-contrib.maven-pom" value="" />
    <property name="libs.nokiadeployment.javadoc" value="" />
    <property name="build.test.results.dir" value="build/test/results" />
    <property name="java.runtime.version" value="1.6.0_18-b07" />
    <property name="libs.ejb3-persistence.javadoc" value="" />
    <property name="libs.NetBeans MIDP Components.src" value="V:\NETBEANS.002\Program Files\NetBeans 6.8\NetBeans 6.8\mobility8\sources\netbeans_midp_components_basic-src.zip" />
    <property name="manifest.available+main.class+mkdist.available" value="true" />
    <property name="libs.sjmc-ant-utils.javadoc" value="" />
    <property name="default.javac.target" value="1.6" />
    <property name="libs.junit_4.classpath" value="V:\NETBEANS.002\Program Files\NetBeans 6.8\NetBeans 6.8\platform11\modules\ext\junit-4.5.jar" />
    <property name="user.timezone" value="" />
    <property name="do.jar" value="true" />
    <property name="libs.ant-contrib.src" value="" />
    <property name="libs.javaee-endorsed-api-6.0.maven-pom" value="" />
    <property name="netbeans.dirs" value="V:\NETBEANS.002\Program Files\NetBeans 6.8\NetBeans 6.8\nb6.8;V:\NETBEANS.002\Program Files\NetBeans 6.8\NetBeans 6.8\ide12;V:\NETBEANS.002\Program Files\NetBeans 6.8\NetBeans 6.8\java3;V:\NETBEANS.002\Program Files\NetBeans 6.8\NetBeans 6.8\ergonomics2;V:\NETBEANS.002\Program Files\NetBeans 6.8\NetBeans 6.8\xml2;V:\NETBEANS.002\Program Files\NetBeans 6.8\NetBeans 6.8\apisupport1;V:\NETBEANS.002\Program Files\NetBeans 6.8\NetBeans 6.8\webcommon1;V:\NETBEANS.002\Program Files\NetBeans 6.8\NetBeans 6.8\websvccommon1;V:\NETBEANS.002\Program Files\NetBeans 6.8\NetBeans 6.8\enterprise6;V:\NETBEANS.002\Program Files\NetBeans 6.8\NetBeans 6.8\mobility8;V:\NETBEANS.002\Program Files\NetBeans 6.8\NetBeans 6.8\profiler3;V:\NETBEANS.002\Program Files\NetBeans 6.8\NetBeans 6.8\ruby2;V:\NETBEANS.002\Program Files\NetBeans 6.8\NetBeans 6.8\python1;V:\NETBEANS.002\Program Files\NetBeans 6.8\NetBeans 6.8\php1;V:\NETBEANS.002\Program Files\NetBeans 6.8\NetBeans 6.8\visualweb2;V:\NETBEANS.002\Program Files\NetBeans 6.8\NetBeans 6.8\soa2;V:\NETBEANS.002\Program Files\NetBeans 6.8\NetBeans 6.8\identity2;V:\NETBEANS.002\Program Files\NetBeans 6.8\NetBeans 6.8\uml6;V:\NETBEANS.002\Program Files\NetBeans 6.8\NetBeans 6.8\harness;V:\NETBEANS.002\Program Files\NetBeans 6.8\NetBeans 6.8\cnd3;V:\NETBEANS.002\Program Files\NetBeans 6.8\NetBeans 6.8\dlight2;V:\NETBEANS.002\Program Files\NetBeans 6.8\NetBeans 6.8\groovy2;V:\NETBEANS.002\Program Files\NetBeans 6.8\NetBeans 6.8\extra;V:\NETBEANS.002\Program Files\NetBeans 6.8\NetBeans 6.8\javafx2;V:\NETBEANS.002\Program Files\NetBeans 6.8\NetBeans 6.8\javacard1" />
    <property name="libs.jsf20.javadoc" value="V:\NETBEANS.002\Program Files\NetBeans 6.8\NetBeans 6.8\enterprise6\docs\javaee6-doc-api.zip" />
    <property name="java.ext.dirs" value="V:\NETBEANS.002\Program Files\Java\jdk1.6.0_18\jre\lib\ext;C:\WINDOWS\Sun\Java\lib\ext" />
    <property name="libs.metro.src" value="" />
    <property name="endorsed.classpath" value="" />
    <property name="libs.semc-ant-utils.src" value="" />
    <property name="libs.savaje-ant-utils.maven-pom" value="" />
    <property name="libs.absolutelayout.classpath" value="V:\NETBEANS.002\Program Files\NetBeans 6.8\NetBeans 6.8\java3\modules\ext\AbsoluteLayout.jar" />
    <property name="excludes" value="" />
    <property name="libs.metro.classpath" value="V:\NETBEANS.002\Program Files\NetBeans 6.8\NetBeans 6.8\ide12\modules\ext\jaxb\activation.jar;V:\NETBEANS.002\Program Files\NetBeans 6.8\NetBeans 6.8\enterprise6\modules\ext\metro\webservices-api.jar;V:\NETBEANS.002\Program Files\NetBeans 6.8\NetBeans 6.8\enterprise6\modules\ext\metro\webservices-extra-api.jar;V:\NETBEANS.002\Program Files\NetBeans 6.8\NetBeans 6.8\enterprise6\modules\ext\metro\webservices-extra.jar;V:\NETBEANS.002\Program Files\NetBeans 6.8\NetBeans 6.8\enterprise6\modules\ext\metro\webservices-rt.jar;V:\NETBEANS.002\Program Files\NetBeans 6.8\NetBeans 6.8\enterprise6\modules\ext\metro\webservices-tools.jar" />
    <property name="libs.restlib.maven-pom" value="" />
    <property name="libs.DataBindingME.javadoc" value="V:\NETBEANS.002\Program Files\NetBeans 6.8\NetBeans 6.8\mobility8\modules\docs\netbeans_databindingme-api.zip" />
    <property name="java.class.path" value="H:\Profile\desktop\Happer\Happer2.2\Happer\build\classes;V:\NETBEANS.002\Program Files\NetBeans 6.8\NetBeans 6.8\platform11\modules\ext\junit-4.5.jar;H:\Profile\desktop\Happer\Happer2.2\Happer\build\test\classes;H:\Profile\desktop\Happer\Happer2.2\Happer;C:\Program Files\Java\j2re1.4.2_04\lib\ext\QTJava.zip;V:\NETBEANS.002\Program Files\NetBeans 6.8\NetBeans 6.8\java3\ant\lib\ant-launcher.jar;V:\NETBEANS.002\Program Files\NetBeans 6.8\NetBeans 6.8\java3\ant\lib\ant.jar;V:\NETBEANS.002\Program Files\NetBeans 6.8\NetBeans 6.8\java3\ant\patches\72080.jar" />
    <property name="apple.laf.useScreenMenuBar" value="true" />
    <property name="do.mkdist" value="true" />
    <property name="libs.absolutelayout.src" value="" />
    <property name="libs.cdc-pp-awt-layout.maven-pom" value="" />
    <property name="os.version" value="5.1" />
    <property name="application.args" value="" />
    <property name="libs.JMUnit4CLDC11.maven-pom" value="" />
    <property name="main.class.available" value="true" />
    <property name="sun.desktop" value="windows" />
    <property name="libs.nb_svg_midp_components.maven-pom" value="" />
    <property name="libs.ricoh-ant-utils.javadoc" value="" />
    <property name="libs.restlib.javadoc" value="V:\NETBEANS.002\Program Files\NetBeans 6.8\NetBeans 6.8\enterprise6\docs\jersey-1.1.4-javadoc.zip" />
    <property name="libs.NetBeans MIDP Components PDA.maven-pom" value="" />
    <property name="libs.eclipselink.classpath" value="V:\NETBEANS.002\Program Files\NetBeans 6.8\NetBeans 6.8\java3\modules\ext\eclipselink\eclipselink-2.0.0.jar;V:\NETBEANS.002\Program Files\NetBeans 6.8\NetBeans 6.8\java3\modules\ext\eclipselink\eclipselink-javax.persistence-2.0.jar" />
    <property name="java.awt.graphicsenv" value="sun.awt.Win32GraphicsEnvironment" />
    <property name="libs.beans-binding.javadoc" value="V:\NETBEANS.002\Program Files\NetBeans 6.8\NetBeans 6.8\java3\docs\beansbinding-1.2.1-doc.zip" />
    <property name="java.vm.vendor" value="Sun Microsystems Inc." />
    <property name="libs.CopyLibs.classpath" value="V:\NETBEANS.002\Program Files\NetBeans 6.8\NetBeans 6.8\java3\ant\extra\org-netbeans-modules-java-j2seproject-copylibstask.jar" />
    <property name="libs.spring-webmvc.maven-pom" value="" />
    <property name="run.jvmargs" value="" />
    <property name="libs.ejb3-persistence.classpath" value="V:\NETBEANS.002\Program Files\NetBeans 6.8\NetBeans 6.8\java3\modules\ext\hibernate\ejb3-persistence.jar" />
    <property name="libs.spring-framework.javadoc" value="" />
    <property name="libs.DataBindingME-PIM.src" value="" />
    <property name="libs.PostgreSQLDriver.classpath" value="V:\NETBEANS.002\Program Files\NetBeans 6.8\NetBeans 6.8\ide12\modules\ext\postgresql-8.3-603.jdbc3.jar" />
    <property name="libs.jsf12.maven-pom" value="" />
    <property name="libs.junit.src" value="" />
    <property name="jnlp.signed" value="false" />
    <property name="main.class" value="happer.Main" />
    <property name="libs.CopyLibs.src" value="" />
    <property name="build.dir" value="build" />
    <property name="ant.file.Happer" value="H:\Profile\desktop\Happer\Happer2.2\Happer\build.xml" />
    <property name="ant.version" value="Apache Ant version 1.7.1 compiled on June 27 2008" />
    <property name="build.classes.excludes" value="**/*.java,**/*.form" />
    <property name="file.encoding" value="Cp1252" />
    <property name="javadoc.nonavbar" value="false" />
    <property name="platform.active" value="default_platform" />
    <property name="awt.toolkit" value="sun.awt.windows.WToolkit" />
  </properties>
  <testcase classname="model.MensTest" name="geval1" time="0.109" />
  <testcase classname="model.MensTest" name="geval2" time="0.016" />
  <testcase classname="model.MensTest" name="geval3" time="0.016">
    <failure type="junit.framework.AssertionFailedError">junit.framework.AssertionFailedError: 
	at model.MensTest.geval3(MensTest.java:74)
</failure>
  </testcase>
  <testcase classname="model.MensTest" name="geval4" time="0.0" />
  <system-out><![CDATA[]]></system-out>
  <system-err><![CDATA[]]></system-err>
</testsuite>
